[2019-11-21 22:25:45.980] [exthost] [info] extension host started
[2019-11-21 22:25:46.026] [exthost] [info] ExtensionService#_doActivateExtension vscode.debug-auto-launch {"startup":true,"extensionId":{"value":"vscode.debug-auto-launch","_lower":"vscode.debug-auto-launch"},"activationEvent":"*"}
[2019-11-21 22:25:46.027] [exthost] [info] ExtensionService#loadCommonJSModule file:///usr/share/code/resources/app/extensions/debug-auto-launch/dist/extension
[2019-11-21 22:25:46.035] [exthost] [info] ExtensionService#_doActivateExtension vscode.emmet {"startup":true,"extensionId":{"value":"vscode.emmet","_lower":"vscode.emmet"},"activationEvent":"*"}
[2019-11-21 22:25:46.035] [exthost] [info] ExtensionService#loadCommonJSModule file:///usr/share/code/resources/app/extensions/emmet/dist/extension
[2019-11-21 22:25:46.089] [exthost] [info] ExtensionService#_doActivateExtension vscode.git {"startup":true,"extensionId":{"value":"GitHub.vscode-pull-request-github","_lower":"github.vscode-pull-request-github"},"activationEvent":"*"}
[2019-11-21 22:25:46.090] [exthost] [info] ExtensionService#loadCommonJSModule file:///usr/share/code/resources/app/extensions/git/dist/main
[2019-11-21 22:25:46.153] [exthost] [info] ExtensionService#_doActivateExtension vscode.merge-conflict {"startup":true,"extensionId":{"value":"vscode.merge-conflict","_lower":"vscode.merge-conflict"},"activationEvent":"*"}
[2019-11-21 22:25:46.153] [exthost] [info] ExtensionService#loadCommonJSModule file:///usr/share/code/resources/app/extensions/merge-conflict/dist/extension
[2019-11-21 22:25:46.157] [exthost] [info] ExtensionService#_doActivateExtension dbaeumer.vscode-eslint {"startup":true,"extensionId":{"value":"dbaeumer.vscode-eslint","_lower":"dbaeumer.vscode-eslint"},"activationEvent":"*"}
[2019-11-21 22:25:46.157] [exthost] [info] ExtensionService#loadCommonJSModule file:///home/chrislopt/.vscode/extensions/dbaeumer.vscode-eslint-1.9.1/client/out/extension
[2019-11-21 22:25:46.163] [exthost] [info] ExtensionService#_doActivateExtension eamodio.gitlens {"startup":true,"extensionId":{"value":"eamodio.gitlens","_lower":"eamodio.gitlens"},"activationEvent":"*"}
[2019-11-21 22:25:46.163] [exthost] [info] ExtensionService#loadCommonJSModule file:///home/chrislopt/.vscode/extensions/eamodio.gitlens-10.2.0/dist/extension
[2019-11-21 22:25:46.316] [exthost] [info] ExtensionService#_doActivateExtension esbenp.prettier-vscode {"startup":true,"extensionId":{"value":"esbenp.prettier-vscode","_lower":"esbenp.prettier-vscode"},"activationEvent":"*"}
[2019-11-21 22:25:46.316] [exthost] [info] ExtensionService#loadCommonJSModule file:///home/chrislopt/.vscode/extensions/esbenp.prettier-vscode-3.8.0/dist/extension
[2019-11-21 22:25:46.485] [exthost] [info] ExtensionService#_doActivateExtension formulahendry.auto-rename-tag {"startup":true,"extensionId":{"value":"formulahendry.auto-rename-tag","_lower":"formulahendry.auto-rename-tag"},"activationEvent":"*"}
[2019-11-21 22:25:46.486] [exthost] [info] ExtensionService#loadCommonJSModule file:///home/chrislopt/.vscode/extensions/formulahendry.auto-rename-tag-0.1.1/out/src/extension
[2019-11-21 22:25:46.488] [exthost] [info] ExtensionService#_doActivateExtension KnisterPeter.vscode-github {"startup":true,"extensionId":{"value":"KnisterPeter.vscode-github","_lower":"knisterpeter.vscode-github"},"activationEvent":"*"}
[2019-11-21 22:25:46.488] [exthost] [info] ExtensionService#loadCommonJSModule file:///home/chrislopt/.vscode/extensions/knisterpeter.vscode-github-0.30.3/out/src/main
[2019-11-21 22:25:46.775] [exthost] [info] ExtensionService#_doActivateExtension ritwickdey.LiveServer {"startup":true,"extensionId":{"value":"ritwickdey.LiveServer","_lower":"ritwickdey.liveserver"},"activationEvent":"*"}
[2019-11-21 22:25:46.776] [exthost] [info] ExtensionService#loadCommonJSModule file:///home/chrislopt/.vscode/extensions/ritwickdey.liveserver-5.6.1/out/src/extension
[2019-11-21 22:25:47.140] [exthost] [info] ExtensionService#_doActivateExtension vscode-icons-team.vscode-icons {"startup":true,"extensionId":{"value":"vscode-icons-team.vscode-icons","_lower":"vscode-icons-team.vscode-icons"},"activationEvent":"*"}
[2019-11-21 22:25:47.140] [exthost] [info] ExtensionService#loadCommonJSModule file:///home/chrislopt/.vscode/extensions/vscode-icons-team.vscode-icons-9.5.0/dist/src/vscode-icons.bundle.js
[2019-11-21 22:25:47.169] [exthost] [info] eager extensions activated
