Looking for git in: git
Using git 2.20.1 from git
> git rev-parse --show-toplevel
> git rev-parse --git-dir
Open repository: /home/chrislopt
> git status -z -u
> git check-ignore -v -z --stdin
> git show :Escritorio/segunda_prueba/readme.md
> git ls-files --stage -- Escritorio/segunda_prueba/
> git symbolic-ref --short HEAD
> git rev-parse master
> git rev-parse --symbolic-full-name master@{u}
> git rev-list --left-right master...refs/remotes/origin/master
> git for-each-ref --format %(refname) %(objectname) --sort -committerdate
> git remote --verbose
> git config --get commit.template
> git check-ignore -v -z --stdin
> git check-ignore -v -z --stdin
> git ls-tree -l HEAD -- /home/chrislopt/.cache/plasma_wallpaper_preview.kcache
> git show HEAD:.cache/plasma_wallpaper_preview.kcache
> git ls-tree -l HEAD -- .cache/
> git check-ignore -v -z --stdin
> git show :Escritorio/segunda_prueba/readme.md
> git ls-files --stage -- Escritorio/segunda_prueba/
> git check-ignore -v -z --stdin
> git check-ignore -v -z --stdin
> git add -A -- .
