[Info  - 00:25:01] ESLint server stopped.
[Info  - 00:25:01] ESLint server running in node v12.4.0
[Info  - 00:25:01] ESLint server is running.
[Info  - 00:25:02] 
Failed to load the ESLint library for the document /home/chrislopt/Escritorio/imgshare/package.json

To use ESLint please install eslint by running npm install eslint in the workspace folder imgshare
or globally using 'npm install -g eslint'. You need to reopen the workspace after installing eslint.

If you are using yarn or pnpm instead of npm set the setting `eslint.packageManager` to either `yarn` or `pnpm`
Alternatively you can disable ESLint for the workspace folder imgshare by executing the 'Disable ESLint' command.
[Info  - 00:25:02] 
Failed to load the ESLint library for the document /home/chrislopt/Escritorio/imgshare/src/index.js

To use ESLint please install eslint by running npm install eslint in the workspace folder imgshare
or globally using 'npm install -g eslint'. You need to reopen the workspace after installing eslint.

If you are using yarn or pnpm instead of npm set the setting `eslint.packageManager` to either `yarn` or `pnpm`
Alternatively you can disable ESLint for the workspace folder imgshare by executing the 'Disable ESLint' command.
[Info  - 00:28:18] 
Failed to load the ESLint library for the document /home/chrislopt/Escritorio/imgshare/src/index.js

To use ESLint please install eslint by running npm install eslint in the workspace folder imgshare
or globally using 'npm install -g eslint'. You need to reopen the workspace after installing eslint.

If you are using yarn or pnpm instead of npm set the setting `eslint.packageManager` to either `yarn` or `pnpm`
Alternatively you can disable ESLint for the workspace folder imgshare by executing the 'Disable ESLint' command.
[Info  - 00:31:04] 
Failed to load the ESLint library for the document /home/chrislopt/Escritorio/imgshare/src/index.js

To use ESLint please install eslint by running npm install eslint in the workspace folder imgshare
or globally using 'npm install -g eslint'. You need to reopen the workspace after installing eslint.

If you are using yarn or pnpm instead of npm set the setting `eslint.packageManager` to either `yarn` or `pnpm`
Alternatively you can disable ESLint for the workspace folder imgshare by executing the 'Disable ESLint' command.
[Info  - 00:32:00] 
Failed to load the ESLint library for the document /home/chrislopt/Escritorio/imgshare/src/server/config.js

To use ESLint please install eslint by running npm install eslint in the workspace folder imgshare
or globally using 'npm install -g eslint'. You need to reopen the workspace after installing eslint.

If you are using yarn or pnpm instead of npm set the setting `eslint.packageManager` to either `yarn` or `pnpm`
Alternatively you can disable ESLint for the workspace folder imgshare by executing the 'Disable ESLint' command.
[Info  - 00:34:48] 
Failed to load the ESLint library for the document /home/chrislopt/Escritorio/imgshare/src/server/config.js

To use ESLint please install eslint by running npm install eslint in the workspace folder imgshare
or globally using 'npm install -g eslint'. You need to reopen the workspace after installing eslint.

If you are using yarn or pnpm instead of npm set the setting `eslint.packageManager` to either `yarn` or `pnpm`
Alternatively you can disable ESLint for the workspace folder imgshare by executing the 'Disable ESLint' command.
[Info  - 00:34:48] 
Failed to load the ESLint library for the document /home/chrislopt/Escritorio/imgshare/src/index.js

To use ESLint please install eslint by running npm install eslint in the workspace folder imgshare
or globally using 'npm install -g eslint'. You need to reopen the workspace after installing eslint.

If you are using yarn or pnpm instead of npm set the setting `eslint.packageManager` to either `yarn` or `pnpm`
Alternatively you can disable ESLint for the workspace folder imgshare by executing the 'Disable ESLint' command.
[Info  - 00:38:14] 
Failed to load the ESLint library for the document /home/chrislopt/Escritorio/imgshare/src/index.js

To use ESLint please install eslint by running npm install eslint in the workspace folder imgshare
or globally using 'npm install -g eslint'. You need to reopen the workspace after installing eslint.

If you are using yarn or pnpm instead of npm set the setting `eslint.packageManager` to either `yarn` or `pnpm`
Alternatively you can disable ESLint for the workspace folder imgshare by executing the 'Disable ESLint' command.
[Info  - 00:38:14] 
Failed to load the ESLint library for the document /home/chrislopt/Escritorio/imgshare/src/server/config.js

To use ESLint please install eslint by running npm install eslint in the workspace folder imgshare
or globally using 'npm install -g eslint'. You need to reopen the workspace after installing eslint.

If you are using yarn or pnpm instead of npm set the setting `eslint.packageManager` to either `yarn` or `pnpm`
Alternatively you can disable ESLint for the workspace folder imgshare by executing the 'Disable ESLint' command.
[Info  - 00:42:13] 
Failed to load the ESLint library for the document /home/chrislopt/Escritorio/imgshare/src/database.js

To use ESLint please install eslint by running npm install eslint in the workspace folder imgshare
or globally using 'npm install -g eslint'. You need to reopen the workspace after installing eslint.

If you are using yarn or pnpm instead of npm set the setting `eslint.packageManager` to either `yarn` or `pnpm`
Alternatively you can disable ESLint for the workspace folder imgshare by executing the 'Disable ESLint' command.
[Info  - 00:43:29] 
Failed to load the ESLint library for the document /home/chrislopt/Escritorio/imgshare/src/keys.js

To use ESLint please install eslint by running npm install eslint in the workspace folder imgshare
or globally using 'npm install -g eslint'. You need to reopen the workspace after installing eslint.

If you are using yarn or pnpm instead of npm set the setting `eslint.packageManager` to either `yarn` or `pnpm`
Alternatively you can disable ESLint for the workspace folder imgshare by executing the 'Disable ESLint' command.
[Info  - 01:06:25] ESLint server stopped.
