[2019-11-22 00:09:39.969] [exthost] [info] extension host started
[2019-11-22 00:09:40.004] [exthost] [info] ExtensionService#_doActivateExtension vscode.debug-auto-launch {"startup":true,"extensionId":{"value":"vscode.debug-auto-launch","_lower":"vscode.debug-auto-launch"},"activationEvent":"*"}
[2019-11-22 00:09:40.005] [exthost] [info] ExtensionService#loadCommonJSModule file:///usr/share/code/resources/app/extensions/debug-auto-launch/dist/extension
[2019-11-22 00:09:40.011] [exthost] [info] ExtensionService#_doActivateExtension vscode.emmet {"startup":true,"extensionId":{"value":"vscode.emmet","_lower":"vscode.emmet"},"activationEvent":"*"}
[2019-11-22 00:09:40.011] [exthost] [info] ExtensionService#loadCommonJSModule file:///usr/share/code/resources/app/extensions/emmet/dist/extension
[2019-11-22 00:09:40.034] [exthost] [info] ExtensionService#_doActivateExtension vscode.merge-conflict {"startup":true,"extensionId":{"value":"vscode.merge-conflict","_lower":"vscode.merge-conflict"},"activationEvent":"*"}
[2019-11-22 00:09:40.034] [exthost] [info] ExtensionService#loadCommonJSModule file:///usr/share/code/resources/app/extensions/merge-conflict/dist/extension
[2019-11-22 00:09:40.037] [exthost] [info] ExtensionService#_doActivateExtension dbaeumer.vscode-eslint {"startup":true,"extensionId":{"value":"dbaeumer.vscode-eslint","_lower":"dbaeumer.vscode-eslint"},"activationEvent":"*"}
[2019-11-22 00:09:40.037] [exthost] [info] ExtensionService#loadCommonJSModule file:///home/chrislopt/.vscode/extensions/dbaeumer.vscode-eslint-1.9.1/client/out/extension
[2019-11-22 00:09:40.040] [exthost] [info] ExtensionService#_doActivateExtension esbenp.prettier-vscode {"startup":true,"extensionId":{"value":"esbenp.prettier-vscode","_lower":"esbenp.prettier-vscode"},"activationEvent":"*"}
[2019-11-22 00:09:40.041] [exthost] [info] ExtensionService#loadCommonJSModule file:///home/chrislopt/.vscode/extensions/esbenp.prettier-vscode-3.8.0/dist/extension
[2019-11-22 00:09:40.081] [exthost] [info] ExtensionService#_doActivateExtension formulahendry.auto-rename-tag {"startup":true,"extensionId":{"value":"formulahendry.auto-rename-tag","_lower":"formulahendry.auto-rename-tag"},"activationEvent":"*"}
[2019-11-22 00:09:40.081] [exthost] [info] ExtensionService#loadCommonJSModule file:///home/chrislopt/.vscode/extensions/formulahendry.auto-rename-tag-0.1.1/out/src/extension
[2019-11-22 00:09:40.083] [exthost] [info] ExtensionService#_doActivateExtension ritwickdey.LiveServer {"startup":true,"extensionId":{"value":"ritwickdey.LiveServer","_lower":"ritwickdey.liveserver"},"activationEvent":"*"}
[2019-11-22 00:09:40.083] [exthost] [info] ExtensionService#loadCommonJSModule file:///home/chrislopt/.vscode/extensions/ritwickdey.liveserver-5.6.1/out/src/extension
[2019-11-22 00:09:40.319] [exthost] [info] ExtensionService#_doActivateExtension vscode-icons-team.vscode-icons {"startup":true,"extensionId":{"value":"vscode-icons-team.vscode-icons","_lower":"vscode-icons-team.vscode-icons"},"activationEvent":"*"}
[2019-11-22 00:09:40.319] [exthost] [info] ExtensionService#loadCommonJSModule file:///home/chrislopt/.vscode/extensions/vscode-icons-team.vscode-icons-9.5.0/dist/src/vscode-icons.bundle.js
[2019-11-22 00:09:40.582] [exthost] [info] eager extensions activated
[2019-11-22 00:09:57.388] [exthost] [info] ExtensionService#_doActivateExtension vscode.typescript-language-features {"startup":false,"extensionId":{"value":"vscode.typescript-language-features","_lower":"vscode.typescript-language-features"},"activationEvent":"onLanguage:javascript"}
[2019-11-22 00:09:57.388] [exthost] [info] ExtensionService#loadCommonJSModule file:///usr/share/code/resources/app/extensions/typescript-language-features/dist/extension
[2019-11-22 00:09:57.415] [exthost] [info] ExtensionService#_doActivateExtension mgmcdermott.vscode-language-babel {"startup":false,"extensionId":{"value":"mgmcdermott.vscode-language-babel","_lower":"mgmcdermott.vscode-language-babel"},"activationEvent":"onLanguage:javascript"}
[2019-11-22 00:09:57.415] [exthost] [info] ExtensionService#loadCommonJSModule file:///home/chrislopt/.vscode/extensions/mgmcdermott.vscode-language-babel-0.0.25/dist/extension
