2019-11-21 20:33:42 0 [Note] InnoDB: Using Linux native AIO
2019-11-21 20:33:42 0 [Note] InnoDB: Mutexes and rw_locks use GCC atomic builtins
2019-11-21 20:33:42 0 [Note] InnoDB: Uses event mutexes
2019-11-21 20:33:42 0 [Note] InnoDB: Compressed tables use zlib 1.2.11
2019-11-21 20:33:42 0 [Note] InnoDB: Number of pools: 1
2019-11-21 20:33:42 0 [Note] InnoDB: Using SSE2 crc32 instructions
2019-11-21 20:33:42 0 [Note] InnoDB: Initializing buffer pool, total size = 128M, instances = 1, chunk size = 128M
2019-11-21 20:33:42 0 [Note] InnoDB: Completed initialization of buffer pool
2019-11-21 20:33:42 0 [Note] InnoDB: If the mysqld execution user is authorized, page cleaner thread priority can be changed. See the man page of setpriority().
2019-11-21 20:33:45 0 [Note] InnoDB: 128 out of 128 rollback segments are active.
2019-11-21 20:33:45 0 [Note] InnoDB: Creating shared tablespace for temporary tables
2019-11-21 20:33:45 0 [Note] InnoDB: Setting file './ibtmp1' size to 12 MB. Physically writing the file full; Please wait ...
2019-11-21 20:33:45 0 [Note] InnoDB: File './ibtmp1' size is now 12 MB.
2019-11-21 20:33:45 0 [Note] InnoDB: 10.3.18 started; log sequence number 1866464; transaction id 229
2019-11-21 20:33:45 0 [Note] InnoDB: Loading buffer pool(s) from /home/chrislopt/.local/share/akonadi/db_data/ib_buffer_pool
2019-11-21 20:33:45 0 [Note] Plugin 'FEEDBACK' is disabled.
2019-11-21 20:33:45 0 [ERROR] Can't open and lock privilege tables: Table 'mysql.servers' doesn't exist
2019-11-21 20:33:45 0 [Warning] Can't open and lock time zone table: Table 'mysql.time_zone_leap_second' doesn't exist trying to live without them
2019-11-21 20:33:45 6 [Warning] Failed to load slave replication state from table mysql.gtid_slave_pos: 1146: Table 'mysql.gtid_slave_pos' doesn't exist
2019-11-21 20:33:45 0 [Note] Reading of all Master_info entries succeeded
2019-11-21 20:33:45 0 [Note] Added new Master_info '' to hash table
2019-11-21 20:33:45 0 [Note] /usr/sbin/mysqld-akonadi: ready for connections.
Version: '10.3.18-MariaDB-0+deb10u1'  socket: '/tmp/akonadi-chrislopt.Y3oLA6/mysql.socket'  port: 0  Debian 10
2019-11-21 20:33:46 0 [Note] InnoDB: Buffer pool(s) load completed at 191121 20:33:46
2019-11-21 20:33:46 9 [ERROR] InnoDB: Table `mysql`.`innodb_table_stats` not found.
2019-11-21 22:36:17 0 [Note] /usr/sbin/mysqld-akonadi (initiated by: unknown): Normal shutdown
2019-11-21 22:36:17 0 [Note] InnoDB: FTS optimize thread exiting.
2019-11-21 22:36:17 0 [Note] InnoDB: Starting shutdown...
2019-11-21 22:36:17 0 [Note] InnoDB: Dumping buffer pool(s) to /home/chrislopt/.local/share/akonadi/db_data/ib_buffer_pool
2019-11-21 22:36:17 0 [Note] InnoDB: Buffer pool(s) dump completed at 191121 22:36:17
2019-11-21 22:36:19 0 [Note] InnoDB: Shutdown completed; log sequence number 1866473; transaction id 231
2019-11-21 22:36:19 0 [Note] InnoDB: Removed temporary tablespace data file: "ibtmp1"
2019-11-21 22:36:19 0 [Note] /usr/sbin/mysqld-akonadi: Shutdown complete

