2019-11-21T23:58:14 Checking update-file '/usr/share/kde4/apps/kconf_update/kopete-jabberpriorityaddition-kconf_update.upd' for new updates
2019-11-21T23:58:14 kopete-jabberpriorityaddition-kconf_update.upd: Found new update 'kopete0.9/r1'
2019-11-21T23:58:14 kopete-jabberpriorityaddition-kconf_update.upd: Running script 'kopete-jabberpriorityaddition-kconf_update.sh'
2019-11-21T23:58:14 Checking update-file '/usr/share/kde4/apps/kconf_update/kuriikwsfilter.upd' for new updates
2019-11-21T23:58:14 kuriikwsfilter.upd: Found new update 'post-kde3.1/cvs'
2019-11-21T23:58:14 kuriikwsfilter.upd: File 'kuriikwsfilterrc' does not exist or empty, skipping
2019-11-21T23:58:14 kuriikwsfilter.upd: Found new update 'pre-kde4.9'
2019-11-21T23:58:14 kuriikwsfilter.upd: File 'kuriikwsfilterrc' does not exist or empty, skipping
2019-11-21T23:58:14 Checking update-file '/usr/share/kde4/apps/kconf_update/kdeui.upd' for new updates
2019-11-21T23:58:14 kdeui.upd: Found new update 'kde4/migrate_from_kde3_icon_theme'
2019-11-21T23:58:14 kdeui.upd: Running script 'migrate_from_kde3_icon_theme'
2019-11-21T23:58:14 Checking update-file '/usr/share/kde4/apps/kconf_update/kopete-gaim_to_pidgin_style.upd' for new updates
2019-11-21T23:58:14 kopete-gaim_to_pidgin_style.upd: Found new update 'kopete0.70.85/r1'
2019-11-21T23:58:14 kopete-gaim_to_pidgin_style.upd: Running script 'kopete-gaim_to_pidgin_style.pl'
2019-11-21T23:58:14 Checking update-file '/usr/share/kde4/apps/kconf_update/kio_help.upd' for new updates
2019-11-21T23:58:14 kio_help.upd: Found new update 'kde3_2'
2019-11-21T23:58:14 kio_help.upd: Running script 'move_kio_help_cache.sh'
2019-11-21T23:58:14 [Script] mv: no se puede efectuar `stat' sobre '/home/chrislopt/.kde/share/apps/kio_help/cache': No existe el fichero o el directorio
2019-11-21T23:58:14 [Script] rmdir: fallo al borrar '/home/chrislopt/.kde/share/apps/kio_help': No existe el fichero o el directorio
2019-11-21T23:58:14 Checking update-file '/usr/share/kde4/apps/kconf_update/kopete-update_yahoo_server.upd' for new updates
2019-11-21T23:58:14 kopete-update_yahoo_server.upd: Found new update 'kopete-update-yahoo-server/r1'
2019-11-21T23:58:14 kopete-update_yahoo_server.upd: Running script 'kopete-update_yahoo_server.pl'
2019-11-21T23:58:14 Checking update-file '/usr/share/kde4/apps/kconf_update/kopete-pluginloader2.upd' for new updates
2019-11-21T23:58:14 kopete-pluginloader2.upd: Found new update 'kopete0.8/r1'
2019-11-21T23:58:14 kopete-pluginloader2.upd: Running script 'kopete-pluginloader2.sh'
2019-11-21T23:58:14 [Script] /usr/share/kde4/apps/kconf_update/kopete-pluginloader2.sh: 1: /usr/share/kde4/apps/kconf_update/kopete-pluginloader2.sh: kde-config: not found
2019-11-21T23:58:14 Checking update-file '/usr/share/kde4/apps/kconf_update/kopete-account-kconf_update.upd' for new updates
2019-11-21T23:58:14 kopete-account-kconf_update.upd: Found new update 'kopete0.7/r1'
2019-11-21T23:58:14 kopete-account-kconf_update.upd: Running script 'kopete-account-kconf_update.sh'
2019-11-21T23:58:14 [Script] /usr/share/kde4/apps/kconf_update/kopete-account-kconf_update.sh: 1: /usr/share/kde4/apps/kconf_update/kopete-account-kconf_update.sh: kde-config: not found
2019-11-21T23:58:14 kopete-account-kconf_update.upd: Found new update 'kopete0.10/r1'
2019-11-21T23:58:14 kopete-account-kconf_update.upd: Running script 'kopete-account-0.10.pl'
2019-11-21T23:58:14 Checking update-file '/usr/share/kde4/apps/kconf_update/kioslave.upd' for new updates
2019-11-21T23:58:14 kioslave.upd: Found new update 'kde2.2/r1'
2019-11-21T23:58:14 kioslave.upd: File 'kioslaverc' does not exist or empty, skipping
2019-11-21T23:58:14 kioslave.upd: Skipping update 'kde2.2/r1'
2019-11-21T23:58:14 kioslave.upd: File 'kioslaverc' does not exist or empty, skipping
2019-11-21T23:58:14 kioslave.upd: Found new update 'kde2.2/r2'
2019-11-21T23:58:14 kioslave.upd: File 'kioslaverc' does not exist or empty, skipping
2019-11-21T23:58:14 kioslave.upd: Found new update 'kde2.2/r3'
2019-11-21T23:58:14 kioslave.upd: File 'kioslaverc' does not exist or empty, skipping
2019-11-21T23:58:14 Checking update-file '/usr/share/kde4/apps/kconf_update/disable_kmix.upd' for new updates
2019-11-21T23:58:14 disable_kmix.upd: Found new update 'PlasmaVolume_DisableKMixAutostart'
2019-11-21T23:58:14 disable_kmix.upd: File 'kmixrc' does not exist or empty, skipping
2019-11-21T23:58:14 Checking update-file '/usr/share/kde4/apps/kconf_update/kopete-nameTracking.upd' for new updates
2019-11-21T23:58:14 kopete-nameTracking.upd: Found new update 'kopete0.9/r1'
2019-11-21T23:58:14 kopete-nameTracking.upd:3:'Script=kopete-nameTracking-kconf_update': Script 'kopete-nameTracking-kconf_update' not found
2019-11-21T23:58:14 Checking update-file '/usr/share/kde4/apps/kconf_update/ksslcertificatemanager.upd' for new updates
2019-11-21T23:58:14 ksslcertificatemanager.upd: Found new update 'kde4.2'
2019-11-21T23:58:14 ksslcertificatemanager.upd: Running script 'ksslcertificatemanager.upd.sh'
2019-11-21T23:58:14 [Script] rm: no se puede borrar '/home/chrislopt/.kde//share/config/ksslcertificatemanager': No existe el fichero o el directorio
2019-11-21T23:58:14 ksslcertificatemanager.upd: !! An error occurred while running 'sh /usr/share/kde4/apps/kconf_update/ksslcertificatemanager.upd.sh'
2019-11-21T23:58:14 Checking update-file '/usr/share/kde4/apps/kconf_update/kwallet-4.13.upd' for new updates
2019-11-21T23:58:14 kwallet-4.13.upd: Found new update 'kde4.13'
2019-11-21T23:58:14 kwallet-4.13.upd: File 'kwalletrc' does not exist or empty, skipping
2019-11-21T23:58:14 Checking update-file '/usr/share/kde4/apps/kconf_update/kopete-update_icq_ssl.upd' for new updates
2019-11-21T23:58:14 kopete-update_icq_ssl.upd: Found new update 'kopete-update-icq-ssl/r1'
2019-11-21T23:58:14 kopete-update_icq_ssl.upd: Running script 'kopete-update_icq_ssl.pl'
2019-11-21T23:58:14 Checking update-file '/usr/share/kde4/apps/kconf_update/kopete-update_icq_server.upd' for new updates
2019-11-21T23:58:14 kopete-update_icq_server.upd: Found new update 'kopete-update-icq-server/r1'
2019-11-21T23:58:14 kopete-update_icq_server.upd: Running script 'kopete-update_icq_server.pl'
2019-11-21T23:58:14 Checking update-file '/usr/share/kde4/apps/kconf_update/kded.upd' for new updates
2019-11-21T23:58:14 kded.upd: Found new update 'kde3.0'
2019-11-21T23:58:14 kded.upd: File 'kdedrc' does not exist or empty, skipping
2019-11-21T23:58:14 Checking update-file '/usr/share/kde4/apps/kconf_update/devicepreference.upd' for new updates
2019-11-21T23:58:14 devicepreference.upd: Found new update 'DevicesMovedToPlatformPlugin'
2019-11-21T23:58:14 devicepreference.upd: Running script 'phonon_devicepreference_update'
2019-11-21T23:58:14 devicepreference.upd: Found new update 'DevicesUIDsChanged'
2019-11-21T23:58:14 devicepreference.upd: Running script 'phonon_deviceuids_update'
2019-11-21T23:58:14 Checking update-file '/usr/share/kde4/apps/kconf_update/kopete-initialstatus.upd' for new updates
2019-11-21T23:58:14 kopete-initialstatus.upd: Found new update 'kopete0.60.80/r1'
2019-11-21T23:58:14 kopete-initialstatus.upd: Running script 'kopete-initialstatus.pl'
2019-11-21T23:58:14 kopete-initialstatus.upd: Script removes kopeterc:Behavior:autoConnect
2019-11-21T23:58:14 Checking update-file '/usr/share/kde4/apps/kconf_update/kcookiescfg.upd' for new updates
2019-11-21T23:58:14 kcookiescfg.upd: Found new update 'kde2.2/b1'
2019-11-21T23:58:14 kcookiescfg.upd: File 'kcookiejarrc' does not exist or empty, skipping
2019-11-21T23:58:14 kcookiescfg.upd: Found new update 'kde3.1/cvs'
2019-11-21T23:58:14 kcookiescfg.upd: File 'kcookiejarrc' does not exist or empty, skipping
2019-11-21T23:58:14 kcookiescfg.upd: Found new update 'kde4.10/git'
2019-11-21T23:58:14 kcookiescfg.upd: File 'kcookiejarrc' does not exist or empty, skipping
2019-11-21T23:58:14 Checking update-file '/usr/share/kde4/apps/kconf_update/kopete-jabberproxytype-kconf_update.upd' for new updates
2019-11-21T23:58:14 kopete-jabberproxytype-kconf_update.upd: Found new update 'kopete0.9/r1'
2019-11-21T23:58:14 kopete-jabberproxytype-kconf_update.upd: Running script 'kopete-jabberproxytype-kconf_update.sh'
2019-11-21T23:58:14 Checking update-file '/usr/share/kde4/apps/kconf_update/kopete-pluginloader.upd' for new updates
2019-11-21T23:58:14 kopete-pluginloader.upd: Found new update 'kopete0.7/r1'
2019-11-21T23:58:14 kopete-pluginloader.upd: Running script 'kopete-pluginloader.pl'
2019-11-21T23:58:14 kopete-pluginloader.upd: Script removes kopeterc::Modules
