[INFO - 00:05:26] Extension Name: "prettier-vscode".
[INFO - 00:05:26] Extension Version: "3.8.0".
[INFO - 00:05:26] Enabling prettier for languages:
[
  "javascript",
  "mongo",
  "javascriptreact",
  "typescript",
  "typescriptreact",
  "json",
  "jsonc",
  "json5",
  "css",
  "postcss",
  "less",
  "scss",
  "graphql",
  "markdown",
  "mdx",
  "html",
  "vue",
  "yaml"
]
[INFO - 00:05:26] Enabling prettier for range supported languages:
[
  "javascript",
  "javascriptreact",
  "typescript",
  "typescriptreact",
  "json",
  "graphql"
]
